<?xml version="1.0" encoding="UTF-8"?>
<!-- Generated by org.testng.reporters.JUnitReportReporter -->
<testsuite hostname="DESKTOP-FL5KJ3N" failures="1" tests="5" name="net.cloudfront.d3rek8fmcf6dx4.TestScripts.DoctorStevenValidationsTest" time="5.860" errors="0" timestamp="06 Jun 2018 04:38:40 GMT" skipped="0">
  <testcase classname="net.cloudfront.d3rek8fmcf6dx4.TestScripts.DoctorStevenValidationsTest" name="contentValidationTest" time="3.161"/>
  <testcase classname="net.cloudfront.d3rek8fmcf6dx4.TestScripts.DoctorStevenValidationsTest" name="titleValidationTest" time="0.129"/>
  <testcase classname="net.cloudfront.d3rek8fmcf6dx4.TestScripts.DoctorStevenValidationsTest" name="descriptionValidationTest" time="0.132"/>
  <testcase classname="net.cloudfront.d3rek8fmcf6dx4.TestScripts.DoctorStevenValidationsTest" name="dateValidationTest" time="0.137"/>
  <testcase classname="net.cloudfront.d3rek8fmcf6dx4.TestScripts.DoctorStevenValidationsTest" name="upvoteBtnTest" time="2.301">
    <failure message="expected [true] but found [false]" type="java.lang.AssertionError">
      <![CDATA[java.lang.AssertionError: expected [true] but found [false]
at org.testng.Assert.fail(Assert.java:96)
at org.testng.Assert.failNotEquals(Assert.java:776)
at org.testng.Assert.assertTrue(Assert.java:44)
at org.testng.Assert.assertTrue(Assert.java:54)
at net.cloudfront.d3rek8fmcf6dx4.TestScripts.DoctorStevenValidationsTest.upvoteBtnTest(DoctorStevenValidationsTest.java:91)
at java.base/jdk.internal.reflect.NativeMethodAccessorImpl.invoke0(Native Method)
at java.base/jdk.internal.reflect.NativeMethodAccessorImpl.invoke(NativeMethodAccessorImpl.java:62)
at java.base/jdk.internal.reflect.DelegatingMethodAccessorImpl.invoke(DelegatingMethodAccessorImpl.java:43)
at java.base/java.lang.reflect.Method.invoke(Method.java:564)
at org.testng.internal.MethodInvocationHelper.invokeMethod(MethodInvocationHelper.java:124)
at org.testng.internal.Invoker.invokeMethod(Invoker.java:580)
at org.testng.internal.Invoker.invokeTestMethod(Invoker.java:716)
at org.testng.internal.Invoker.invokeTestMethods(Invoker.java:988)
at org.testng.internal.TestMethodWorker.invokeTestMethods(TestMethodWorker.java:125)
at org.testng.internal.TestMethodWorker.run(TestMethodWorker.java:109)
at java.base/java.util.concurrent.ThreadPoolExecutor.runWorker(ThreadPoolExecutor.java:1135)
at java.base/java.util.concurrent.ThreadPoolExecutor$Worker.run(ThreadPoolExecutor.java:635)
at java.base/java.lang.Thread.run(Thread.java:844)
]]>
    </failure>
  </testcase> <!-- upvoteBtnTest -->
</testsuite> <!-- net.cloudfront.d3rek8fmcf6dx4.TestScripts.DoctorStevenValidationsTest -->
